<?xml version="1.0" encoding="UTF-8"?>
<testng-results skipped="0" failed="0" total="1" passed="1">
  <reporter-output>
  </reporter-output>
  <suite name="Default suite" duration-ms="63459" started-at="2017-05-19T11:41:26Z" finished-at="2017-05-19T11:42:30Z">
    <groups>
    </groups>
    <test name="Default test" duration-ms="63459" started-at="2017-05-19T11:41:26Z" finished-at="2017-05-19T11:42:30Z">
      <class name="Xebia.SampleMavenProject.VideoRecording">
        <test-method status="PASS" signature="f()[pri:0, instance:Xebia.SampleMavenProject.VideoRecording@5e853265]" name="f" duration-ms="63155" started-at="2017-05-19T17:11:26Z" finished-at="2017-05-19T17:12:30Z">
          <reporter-output>
          </reporter-output>
        </test-method> <!-- f -->
      </class> <!-- Xebia.SampleMavenProject.VideoRecording -->
    </test> <!-- Default test -->
  </suite> <!-- Default suite -->
</testng-results>
